<?xml version="1.0" encoding="UTF-8"?>
<testng-results ignored="0" total="1" passed="1" failed="0" skipped="0">
  <reporter-output>
  </reporter-output>
  <suite started-at="2026-05-18T22:38:43 BOT" name="Surefire suite" finished-at="2026-05-18T22:39:35 BOT" duration-ms="51807">
    <groups>
    </groups>
    <test started-at="2026-05-18T22:38:43 BOT" name="Surefire test" finished-at="2026-05-18T22:39:35 BOT" duration-ms="51807">
      <class name="BecaBachillerRequisitosTest">
        <test-method is-config="true" signature="setDriver()[pri:0, instance:BecaBachillerRequisitosTest@69b2283a]" started-at="2026-05-18T22:38:43 BOT" name="setDriver" finished-at="2026-05-18T22:38:47 BOT" duration-ms="4469" status="PASS">
          <reporter-output>
          </reporter-output>
        </test-method> <!-- setDriver -->
        <test-method signature="verificarRequisitosBecaBachiller()[pri:0, instance:BecaBachillerRequisitosTest@69b2283a]" started-at="2026-05-18T22:38:47 BOT" name="verificarRequisitosBecaBachiller" finished-at="2026-05-18T22:39:35 BOT" duration-ms="47159" status="PASS">
          <reporter-output>
          </reporter-output>
        </test-method> <!-- verificarRequisitosBecaBachiller -->
        <test-method is-config="true" signature="closeDriver()[pri:0, instance:BecaBachillerRequisitosTest@69b2283a]" started-at="2026-05-18T22:39:35 BOT" name="closeDriver" finished-at="2026-05-18T22:39:35 BOT" duration-ms="158" status="PASS">
          <reporter-output>
          </reporter-output>
        </test-method> <!-- closeDriver -->
      </class> <!-- BecaBachillerRequisitosTest -->
    </test> <!-- Surefire test -->
  </suite> <!-- Surefire suite -->
</testng-results>
